# JRE version: OpenJDK Runtime Environment (11.0.11+9) (build 11.0.11+9-Ubuntu-0ubuntu2.20.04)
# Java VM: OpenJDK 64-Bit Server VM (11.0.11+9-Ubuntu-0ubuntu2.20.04, mixed mode, sharing, tiered, compressed oops, g1 gc, linux-amd64)
Heap:
 garbage-first heap   total 270336K, used 79085K [0x00000000c0000000, 0x0000000100000000)
  region size 1024K, 1 young (1024K), 0 survivors (0K)
 Metaspace       used 10715K, capacity 12659K, committed 12800K, reserved 1060864K
  class space    used 1640K, capacity 1986K, committed 2048K, reserved 1048576K
GC Heap History (20 events):
Event: 238.063 GC heap before
{Heap before GC invocations=208 (full 38):
 garbage-first heap   total 270336K, used 79084K [0x00000000c0000000, 0x0000000100000000)
  region size 1024K, 1 young (1024K), 0 survivors (0K)
 Metaspace       used 10715K, capacity 12659K, committed 12800K, reserved 1060864K
  class space    used 1640K, capacity 1986K, committed 2048K, reserved 1048576K
}
Event: 238.158 GC heap after
{Heap after GC invocations=209 (full 39):
 garbage-first heap   total 270336K, used 79084K [0x00000000c0000000, 0x0000000100000000)
  region size 1024K, 0 young (0K), 0 survivors (0K)
 Metaspace       used 10715K, capacity 12659K, committed 12800K, reserved 1060864K
  class space    used 1640K, capacity 1986K, committed 2048K, reserved 1048576K
}
Event: 238.437 GC heap before
{Heap before GC invocations=209 (full 39):
 garbage-first heap   total 270336K, used 79084K [0x00000000c0000000, 0x0000000100000000)
  region size 1024K, 1 young (1024K), 0 survivors (0K)
 Metaspace       used 10715K, capacity 12659K, committed 12800K, reserved 1060864K
  class space    used 1640K, capacity 1986K, committed 2048K, reserved 1048576K
}
Event: 238.531 GC heap after
{Heap after GC invocations=210 (full 40):
 garbage-first heap   total 270336K, used 79084K [0x00000000c0000000, 0x0000000100000000)
  region size 1024K, 0 young (0K), 0 survivors (0K)
 Metaspace       used 10715K, capacity 12659K, committed 12800K, reserved 1060864K
  class space    used 1640K, capacity 1986K, committed 2048K, reserved 1048576K
}
Event: 238.796 GC heap before
{Heap before GC invocations=210 (full 40):
 garbage-first heap   total 270336K, used 79084K [0x00000000c0000000, 0x0000000100000000)
  region size 1024K, 1 young (1024K), 0 survivors (0K)
 Metaspace       used 10715K, capacity 12659K, committed 12800K, reserved 1060864K
  class space    used 1640K, capacity 1986K, committed 2048K, reserved 1048576K
}
Event: 238.888 GC heap after
{Heap after GC invocations=211 (full 41):
 garbage-first heap   total 270336K, used 79084K [0x00000000c0000000, 0x0000000100000000)
  region size 1024K, 0 young (0K), 0 survivors (0K)
 Metaspace       used 10715K, capacity 12659K, committed 12800K, reserved 1060864K
  class space    used 1640K, capacity 1986K, committed 2048K, reserved 1048576K
}
Event: 239.178 GC heap before
{Heap before GC invocations=211 (full 41):
 garbage-first heap   total 270336K, used 79084K [0x00000000c0000000, 0x0000000100000000)
  region size 1024K, 1 young (1024K), 0 survivors (0K)
 Metaspace       used 10715K, capacity 12659K, committed 12800K, reserved 1060864K
  class space    used 1640K, capacity 1986K, committed 2048K, reserved 1048576K
}
Event: 239.275 GC heap after
{Heap after GC invocations=212 (full 42):
 garbage-first heap   total 270336K, used 79084K [0x00000000c0000000, 0x0000000100000000)
  region size 1024K, 0 young (0K), 0 survivors (0K)
 Metaspace       used 10715K, capacity 12659K, committed 12800K, reserved 1060864K
  class space    used 1640K, capacity 1986K, committed 2048K, reserved 1048576K
}
Event: 240.296 GC heap before
{Heap before GC invocations=212 (full 42):
 garbage-first heap   total 270336K, used 79084K [0x00000000c0000000, 0x0000000100000000)
  region size 1024K, 1 young (1024K), 0 survivors (0K)
 Metaspace       used 10715K, capacity 12659K, committed 12800K, reserved 1060864K
  class space    used 1640K, capacity 1986K, committed 2048K, reserved 1048576K
}
Event: 240.399 GC heap after
{Heap after GC invocations=213 (full 43):
 garbage-first heap   total 270336K, used 79084K [0x00000000c0000000, 0x0000000100000000)
  region size 1024K, 0 young (0K), 0 survivors (0K)
 Metaspace       used 10715K, capacity 12659K, committed 12800K, reserved 1060864K
  class space    used 1640K, capacity 1986K, committed 2048K, reserved 1048576K
}
Event: 240.712 GC heap before
{Heap before GC invocations=213 (full 43):
 garbage-first heap   total 270336K, used 79084K [0x00000000c0000000, 0x0000000100000000)
  region size 1024K, 1 young (1024K), 0 survivors (0K)
 Metaspace       used 10715K, capacity 12659K, committed 12800K, reserved 1060864K
  class space    used 1640K, capacity 1986K, committed 2048K, reserved 1048576K
}
Event: 240.808 GC heap after
{Heap after GC invocations=214 (full 44):
 garbage-first heap   total 270336K, used 79084K [0x00000000c0000000, 0x0000000100000000)
  region size 1024K, 0 young (0K), 0 survivors (0K)
 Metaspace       used 10715K, capacity 12659K, committed 12800K, reserved 1060864K
  class space    used 1640K, capacity 1986K, committed 2048K, reserved 1048576K
}
Event: 241.103 GC heap before
{Heap before GC invocations=214 (full 44):
 garbage-first heap   total 270336K, used 79084K [0x00000000c0000000, 0x0000000100000000)
  region size 1024K, 1 young (1024K), 0 survivors (0K)
 Metaspace       used 10715K, capacity 12659K, committed 12800K, reserved 1060864K
  class space    used 1640K, capacity 1986K, committed 2048K, reserved 1048576K
}
Event: 241.201 GC heap after
{Heap after GC invocations=215 (full 45):
 garbage-first heap   total 270336K, used 79084K [0x00000000c0000000, 0x0000000100000000)
  region size 1024K, 0 young (0K), 0 survivors (0K)
 Metaspace       used 10715K, capacity 12659K, committed 12800K, reserved 1060864K
  class space    used 1640K, capacity 1986K, committed 2048K, reserved 1048576K
}
Event: 241.981 GC heap before
{Heap before GC invocations=215 (full 45):
 garbage-first heap   total 270336K, used 79084K [0x00000000c0000000, 0x0000000100000000)
  region size 1024K, 1 young (1024K), 0 survivors (0K)
 Metaspace       used 10715K, capacity 12659K, committed 12800K, reserved 1060864K
  class space    used 1640K, capacity 1986K, committed 2048K, reserved 1048576K
}
Event: 242.075 GC heap after
{Heap after GC invocations=216 (full 46):
 garbage-first heap   total 270336K, used 79084K [0x00000000c0000000, 0x0000000100000000)
  region size 1024K, 0 young (0K), 0 survivors (0K)
 Metaspace       used 10715K, capacity 12659K, committed 12800K, reserved 1060864K
  class space    used 1640K, capacity 1986K, committed 2048K, reserved 1048576K
}
Event: 242.477 GC heap before
{Heap before GC invocations=216 (full 46):
 garbage-first heap   total 270336K, used 79084K [0x00000000c0000000, 0x0000000100000000)
  region size 1024K, 1 young (1024K), 0 survivors (0K)
 Metaspace       used 10715K, capacity 12659K, committed 12800K, reserved 1060864K
  class space    used 1640K, capacity 1986K, committed 2048K, reserved 1048576K
}
Event: 242.572 GC heap after
{Heap after GC invocations=217 (full 47):
 garbage-first heap   total 270336K, used 79084K [0x00000000c0000000, 0x0000000100000000)
  region size 1024K, 0 young (0K), 0 survivors (0K)
 Metaspace       used 10715K, capacity 12659K, committed 12800K, reserved 1060864K
  class space    used 1640K, capacity 1986K, committed 2048K, reserved 1048576K
}
Event: 425.233 GC heap before
{Heap before GC invocations=217 (full 47):
 garbage-first heap   total 270336K, used 79084K [0x00000000c0000000, 0x0000000100000000)
  region size 1024K, 1 young (1024K), 0 survivors (0K)
 Metaspace       used 10715K, capacity 12659K, committed 12800K, reserved 1060864K
  class space    used 1640K, capacity 1986K, committed 2048K, reserved 1048576K
}
Event: 425.333 GC heap after
{Heap after GC invocations=218 (full 48):
 garbage-first heap   total 270336K, used 79085K [0x00000000c0000000, 0x0000000100000000)
  region size 1024K, 0 young (0K), 0 survivors (0K)
 Metaspace       used 10715K, capacity 12659K, committed 12800K, reserved 1060864K
  class space    used 1640K, capacity 1986K, committed 2048K, reserved 1048576K
}

